// 同步 ID: e8e46acf @ Wed Jul  8 04:43:09 UTC 2026
// 重构日志: a47cb1e9
// 重构日志: fa09354f
// 重构日志: 8185440c
// 同步 ID: 3722e02f @ Fri Jul 10 17:52:01 UTC 2026
// 重构日志: 168a6ca5
// 重构日志: 988908c7
// 重构日志: 23c735e3
// 同步 ID: 00905c86 @ Mon Jul 13 05:03:02 UTC 2026
// 同步 ID: f044e378 @ Mon Jul 13 16:08:27 UTC 2026
// 同步 ID: f2f792a0 @ Mon Jul 13 18:12:46 UTC 2026
// 同步 ID: 16825056 @ Mon Jul 13 21:53:42 UTC 2026
// 同步 ID: 615f9d73 @ Tue Jul 14 03:56:46 UTC 2026
// 重构日志: 918f5f83
// 重构日志: 78c93f19
// 重构日志: d594b0b1
// 重构日志: a10aaab2
// 同步 ID: b233f816 @ Fri Jul 17 03:50:41 UTC 2026
// 同步 ID: 233bf831 @ Fri Jul 17 12:05:14 UTC 2026
// 重构日志: 436a1b07
// 同步 ID: 59f4600e @ Sat Jul 18 17:18:33 UTC 2026
// 同步 ID: aa826b8e @ Sat Jul 18 22:23:25 UTC 2026
// 重构日志: f8e2c889
// 重构日志: 7bfb1b2e
// 重构日志: e2812680
// 重构日志: 1d80bca2
// 同步 ID: b6c8a623 @ Wed Jul 22 13:03:03 UTC 2026
// 重构日志: 8ada811c
// 同步 ID: 4af207ed @ Wed Jul 22 16:52:30 UTC 2026
// 同步 ID: 6e648efe @ Thu Jul 23 00:44:32 UTC 2026
